<?xml version="1.0" encoding="UTF-8"?>
<!-- Generated by org.testng.reporters.JUnitReportReporter -->
<testsuite hostname="Joy" failures="0" tests="1" name="swag.ny.myrunner.MyRunner" time="4.724" errors="0" timestamp="28 Nov 2023 05:57:49 GMT" skipped="0">
  <testcase classname="swag.ny.myrunner.MyRunner" name="runScenario" time="4.724"/>
</testsuite> <!-- swag.ny.myrunner.MyRunner -->
